C51 COMPILER V9.54   ASCII                                                                 04/13/2022 19:06:00 PAGE 1   


C51 COMPILER V9.54, COMPILATION OF MODULE ASCII
OBJECT MODULE PLACED IN .\Objects\ASCII.obj
COMPILER INVOKED BY: D:\Program Files (x86)\keil5\C51\BIN\C51.EXE c_and h_\ASCII.C LARGE OPTIMIZE(8,SPEED) BROWSE INCDIR
                    -(.\c_and h_) DEBUG OBJECTEXTEND PRINT(.\Listings\ASCII.lst) OBJECT(.\Objects\ASCII.obj)

line level    source

   1          #include<all.H>
   2          
   3          
   4          u8 code  Picture[][128]=
   5          {
   6          //{0x00,0x00,0x00,0x00,0x00,0x00,0x00,0x00,0x00,0x00,0x00,0x00,0x00,0x00,0x00,0x00,0x00,0x00,0x00,0x00,0x0
             -0,0x00,0x00,0x00,0x00,0x00,0x00,0x00,0x00,0x00,0x00,0x00,0x00,0x00,0x00,0x00,0x00,0x00,0x00,0x00,0x00,0x00,0x00,0x00,0x0
             -0,0x00,0x00,0x00,0x10,0x30,0x38,0x38,0x78,0x78,0xFC,0xFC,0xFC,0xFC,0xFC,0xFC,0xFC,0xFC,0xFC,0xFC,0xFE,0xFE,0xFE,0xFE,0xF
             -E,0xFE,0xFC,0xFC,0xFC,0xFC,0xFC,0xFC,0xFC,0xFC,0xF8,0xF8,0xF8,0x78,0x78,0x30,0x30,0x30,0x20,0x00,0x00,0x00,0x00,0x00,0x0
             -0,0x00,0x00,0x00,0x00,0x00,0x00,0x00,0x00,0x00,0x00,0x00,0x00,0x00,0x00,0x00,0x00,0x00,0x00,0x00,0x00,0x00,0x00,0x00,0x0
             -0,0x00,0x00,0x00,0x00,0x00,0x00,0x00,0x00,0x00,0x00,0x00},
   7          //{0x00,0x00,0x00,0x00,0x00,0x00,0x00,0x00,0x00,0x00,0x00,0x00,0x00,0x00,0x00,0x00,0x00,0x00,0x00,0x00,0x0
             -0,0x00,0x00,0x00,0x00,0x00,0x00,0x00,0x00,0x00,0x20,0x30,0x38,0x38,0x38,0x38,0x38,0x38,0x38,0x38,0x38,0x38,0x38,0x78,0x7
             -8,0x78,0x70,0x70,0x60,0xE0,0xC0,0x80,0x80,0x00,0x00,0x01,0x07,0x0F,0x3F,0xFF,0xFF,0xFF,0xFF,0xFF,0xFF,0xFF,0xFF,0xFF,0xF
             -F,0xFF,0xFF,0xFF,0xFF,0x3F,0x1F,0x0F,0x07,0x07,0x03,0x01,0x80,0x80,0x80,0xC0,0xC0,0xC0,0xC0,0xE0,0xE0,0xE0,0xE0,0xF0,0xF
             -0,0xF0,0xF0,0xF0,0xF8,0xF8,0xF0,0xF0,0xF0,0xF0,0xF0,0xE0,0xE0,0xE0,0xC0,0x00,0x00,0x00,0x00,0x00,0x00,0x00,0x00,0x00,0x0
             -0,0x00,0x00,0x00,0x00,0x00,0x00,0x00,0x00,0x00,0x00,0x00},
   8          //{0x00,0x00,0x00,0x00,0x00,0x00,0x00,0x00,0x00,0x00,0x00,0x00,0x00,0x00,0x00,0x00,0x00,0x00,0xC0,0xE0,0xE
             -0,0xF0,0xF0,0xF8,0xF8,0xF8,0xF8,0xF8,0xF8,0xF0,0xF0,0xF0,0xF0,0xE0,0xE0,0xE0,0xE0,0xE0,0xE0,0xE0,0xE0,0xE0,0xE0,0xE0,0xE
             -0,0xE0,0xE0,0xE0,0xE0,0xF0,0xF0,0xF0,0xF0,0xF9,0xFB,0xFF,0xFE,0xFE,0xFE,0xFF,0xFF,0xFF,0xFF,0xFF,0xFF,0xFF,0xFF,0xFF,0xF
             -F,0xFF,0xFF,0xFF,0xFF,0xFF,0xF6,0xF7,0xE3,0xE3,0xC3,0xC1,0xC1,0x81,0x81,0x81,0x81,0x81,0x81,0x80,0x80,0x80,0x80,0x00,0x0
             -0,0x00,0x00,0x80,0x80,0x80,0x80,0x80,0x81,0x81,0x81,0x81,0xC3,0xC3,0xC7,0xC6,0xC0,0xC0,0x80,0x80,0x80,0x00,0x00,0x00,0x0
             -0,0x00,0x00,0x00,0x00,0x00,0x00,0x00,0x00,0x00,0x00,0x00},
   9          //{0x00,0x00,0x00,0x00,0x00,0x00,0x00,0x00,0x00,0x00,0x00,0x00,0x00,0x00,0x00,0x00,0x00,0x00,0x07,0x0F,0x0
             -F,0x1F,0x1F,0x3F,0x3F,0x3F,0x7F,0x7F,0x7F,0x7F,0x7F,0x7F,0x7F,0x7F,0x7F,0x7F,0x7F,0x7F,0x7F,0x7F,0x3F,0xBF,0xBF,0xBF,0xF
             -F,0xFF,0xFF,0xFF,0xFF,0xFF,0xFF,0xFF,0xFF,0xFF,0xFF,0xFF,0xFF,0xFF,0xFF,0xFF,0xFF,0xFF,0xFF,0xFF,0xFF,0xFF,0xFF,0xFF,0xF
             -F,0xFF,0xFF,0xFF,0xFF,0xFF,0xFF,0xFF,0xFF,0xFF,0xFF,0xFF,0xFF,0xFF,0xFF,0xFF,0xFF,0xFF,0xFF,0xFF,0xFF,0xFF,0xFF,0xFF,0xF
             -F,0xFF,0xFF,0xFF,0xFF,0xFF,0xFF,0xFF,0xFF,0xFF,0xFF,0xFF,0xFF,0xFF,0xFF,0xFF,0xFF,0xFF,0xFF,0xFF,0x7F,0x3F,0x00,0x00,0x0
             -0,0x00,0x00,0x00,0x00,0x00,0x00,0x00,0x00,0x00,0x00,0x00},
  10          //{0x00,0x00,0x00,0x00,0x00,0x00,0x00,0x00,0x00,0x00,0x00,0x00,0x00,0x00,0x00,0x00,0x00,0x00,0x00,0x00,0x0
             -0,0x02,0x0E,0x3E,0x7E,0xFE,0xFC,0xF0,0xF0,0xC0,0x80,0x82,0x0F,0x1F,0x3F,0x3F,0x3F,0x3F,0x3F,0x7F,0x7F,0x7F,0x7F,0x7F,0x7
             -F,0x7F,0x7B,0x73,0x73,0x73,0x37,0x27,0x07,0x0F,0x0F,0x0F,0x1F,0x1F,0x1F,0x3F,0x3F,0x3F,0x3F,0x3F,0x3F,0x3F,0x1F,0x1F,0x1
             -F,0x1F,0x0F,0x4F,0x6F,0xEF,0xEF,0xE7,0xE7,0xE7,0xE7,0xFF,0xFF,0xFF,0xFF,0xFE,0xFE,0xFE,0xFE,0xFD,0xFD,0xFD,0xFD,0x79,0x7
             -B,0x3B,0x3B,0x1B,0x1B,0x83,0x83,0xC3,0xE3,0xE3,0xF3,0xF3,0xF3,0xFB,0x7B,0x3B,0x0D,0x0D,0x04,0x00,0x00,0x00,0x00,0x00,0x0
             -0,0x00,0x00,0x00,0x00,0x00,0x00,0x00,0x00,0x00,0x00,0x00},
  11          //{0x00,0x00,0x00,0x00,0x00,0x00,0x00,0x00,0x00,0x00,0x00,0x00,0x00,0x00,0x00,0x00,0x00,0x00,0x00,0x00,0x0
             -0,0x00,0x00,0x00,0x00,0x00,0x01,0x03,0x07,0x1F,0x1F,0x3F,0xFF,0xFF,0xFE,0xFE,0xFE,0xFC,0xFC,0xFC,0xFC,0xFC,0xB8,0xB8,0xB
             -8,0xB8,0xF8,0x78,0x78,0x78,0x70,0x70,0xF0,0xF0,0xF4,0xF4,0xF6,0xFE,0xFF,0xEF,0xEF,0xEF,0xEF,0xEF,0xEE,0xEE,0xEC,0xE8,0xE
             -0,0xE0,0xE0,0xE0,0xE0,0xE0,0xE0,0xE0,0xE0,0xE1,0xF1,0xF1,0x71,0x71,0x71,0xF1,0xF1,0xF1,0xF1,0xF1,0xF1,0xF0,0xF8,0xF8,0xF
             -8,0xFC,0xFC,0x7E,0x3F,0x3F,0x1F,0x0F,0x07,0x07,0x03,0x01,0x00,0x00,0x00,0x00,0x00,0x00,0x00,0x00,0x00,0x00,0x00,0x00,0x0
             -0,0x00,0x00,0x00,0x00,0x00,0x00,0x00,0x00,0x00,0x00,0x00},
  12          //{0x00,0x00,0x00,0x00,0x00,0x00,0x00,0x00,0x00,0x00,0x00,0x00,0x00,0x00,0x00,0x00,0x00,0x00,0x00,0x00,0x0
             -0,0x00,0x00,0x00,0x00,0x00,0x00,0x00,0x00,0x00,0x00,0x00,0x00,0x01,0x01,0x03,0x07,0x0F,0x1F,0x3F,0x7F,0xFF,0xFF,0xFF,0xF
             -F,0xFF,0xFF,0xFF,0xFF,0xFF,0xFF,0xFF,0xFE,0xFE,0x3E,0x1C,0x00,0x00,0x00,0x00,0x00,0x00,0x00,0x00,0x00,0x18,0xF8,0xFC,0xF
             -D,0xFD,0xFE,0xFE,0xFE,0xFE,0xFE,0xFE,0xFE,0xFE,0xFF,0xFF,0xFF,0xFF,0xFF,0x7F,0x7F,0x3F,0x1F,0x1F,0x0F,0x07,0x07,0x03,0x0
             -1,0x00,0x00,0x00,0x00,0x00,0x00,0x00,0x00,0x00,0x00,0x00,0x00,0x00,0x00,0x00,0x00,0x00,0x00,0x00,0x00,0x00,0x00,0x00,0x0
             -0,0x00,0x00,0x00,0x00,0x00,0x00,0x00,0x00,0x00,0x00,0x00},
  13          //{0x00,0x00,0x00,0x00,0x00,0x00,0x00,0x00,0x00,0x00,0x00,0x00,0x00,0x00,0x00,0x00,0x00,0x00,0x00,0x00,0x0
             -0,0x00,0x00,0x00,0x00,0x00,0x00,0x00,0x00,0x00,0x00,0x00,0x00,0x00,0x00,0x00,0x00,0x00,0x00,0x00,0x00,0x00,0x01,0x03,0x0
             -3,0x07,0x0F,0x0F,0x0F,0x1F,0x1F,0x3F,0x3F,0x3F,0x3E,0x00,0x00,0x00,0x00,0x00,0x00,0x40,0x60,0x78,0x78,0x7E,0x3F,0x3F,0x3
             -F,0x3F,0x3F,0x1F,0x1F,0x1F,0x0F,0x0F,0x07,0x07,0x07,0x03,0x01,0x00,0x00,0x00,0x00,0x00,0x00,0x00,0x00,0x00,0x00,0x00,0x0
             -0,0x00,0x00,0x00,0x00,0x00,0x00,0x00,0x00,0x00,0x00,0x00,0x00,0x00,0x00,0x00,0x00,0x00,0x00,0x00,0x00,0x00,0x00,0x00,0x0
             -0,0x00,0x00,0x00,0x00,0x00,0x00,0x00,0x00,0x00,0x00,0x00},/*"C:\Users\admin\Desktop\???.bmp",0*/
  14          
C51 COMPILER V9.54   ASCII                                                                 04/13/2022 19:06:00 PAGE 2   

  15          {0x00,0x00,0x00,0x00,0x00,0x00,0x00,0x00,0x00,0x00,0x00,0x00,0x00,0x00,0x00,0x00,0x00,0x00,0x00,0x00,0x00,
             -0x00,0x00,0x00,0x00,0x00,0x00,0x00,0x00,0x00,0x00,0x00,0x00,0x00,0x00,0x00,0x00,0x00,0x00,0x00,0x00,0x00,0x00,0x00,0x00,
             -0x00,0x00,0x00,0x00,0x00,0x00,0x00,0x00,0x00,0x00,0x00,0x00,0x00,0xC0,0xE0,0xF0,0xFC,0xFE,0xFE,0xFE,0xFC,0xF8,0xE0,0xC0,
             -0x00,0x00,0x00,0x00,0x00,0x00,0x00,0x00,0x00,0x00,0x00,0x00,0x00,0x00,0x00,0x00,0x00,0x00,0x00,0x00,0x00,0x00,0x00,0x00,
             -0x00,0x00,0x00,0x00,0x00,0x00,0x00,0x00,0x00,0x00,0x00,0x00,0x00,0x00,0x00,0x00,0x00,0x00,0x00,0x00,0x00,0x00,0x00,0x00,
             -0x00,0x00,0x00,0x00,0x00,0x00,0x00,0x00,0x00,0x00,0x00},
  16          {0x00,0x00,0x00,0x00,0x00,0x00,0x00,0x00,0x00,0x00,0x00,0x00,0x00,0x00,0x00,0x00,0x00,0x00,0x00,0x00,0x00,
             -0x00,0x00,0x00,0x00,0x00,0x00,0x00,0x00,0x00,0x00,0x00,0x00,0x00,0x00,0x00,0x00,0x00,0x00,0x00,0x00,0x00,0x00,0x00,0x00,
             -0x00,0x00,0x00,0x00,0x00,0x00,0x00,0x80,0xC0,0xF0,0xF8,0xFE,0xFF,0x7F,0x3F,0x0F,0x07,0x03,0x00,0x01,0x07,0x0F,0x3F,0x7F,
             -0xFF,0xFE,0xF8,0xF0,0xC0,0x80,0x00,0x00,0x00,0x00,0x00,0x00,0x00,0x00,0x00,0x00,0x00,0x00,0x00,0x00,0x00,0x00,0x00,0x00,
             -0x00,0x00,0x00,0x00,0x00,0x00,0x00,0x00,0x00,0x00,0x00,0x00,0x00,0x00,0x00,0x00,0x00,0x00,0x00,0x00,0x00,0x00,0x00,0x00,
             -0x00,0x00,0x00,0x00,0x00,0x00,0x00,0x00,0x00,0x00,0x00},
  17          {0x00,0x00,0x00,0x00,0x00,0x00,0x00,0x00,0x00,0x00,0x00,0x00,0x00,0x00,0x00,0x00,0x00,0x00,0x00,0x00,0x00,
             -0x00,0x00,0x00,0x00,0x00,0x00,0x00,0x00,0x00,0x00,0x00,0x00,0x00,0x00,0x00,0x00,0x00,0x00,0x00,0x00,0x00,0x00,0x80,0x80,
             -0x80,0x80,0x80,0xE0,0xF0,0xFC,0xFE,0xFF,0x7F,0x1F,0x0F,0x03,0x01,0x00,0x80,0xC0,0xC0,0xE0,0xE0,0xC0,0xC0,0x80,0x00,0x00,
             -0x01,0x03,0x0F,0x1F,0x7F,0xFF,0xFE,0xFC,0xF0,0xE0,0x80,0x80,0x80,0x80,0x80,0x00,0x00,0x00,0x00,0x00,0x00,0x00,0x00,0x00,
             -0x00,0x00,0x00,0x00,0x00,0x00,0x00,0x00,0x00,0x00,0x00,0x00,0x00,0x00,0x00,0x00,0x00,0x00,0x00,0x00,0x00,0x00,0x00,0x00,
             -0x00,0x00,0x00,0x00,0x00,0x00,0x00,0x00,0x00,0x00,0x00},
  18          {0x80,0xC0,0xC0,0xE0,0xE0,0xE0,0xE0,0xE0,0xE0,0xF0,0xF0,0xF0,0xF0,0xF0,0xF0,0xF0,0xF8,0xF8,0xF8,0xF8,0xF8,
             -0xF8,0xF8,0x7C,0x7C,0x7C,0x7C,0x7C,0x7C,0x7C,0x3E,0x3E,0x3E,0x3E,0x3E,0x3E,0x3F,0x1F,0x1F,0x1F,0x1F,0x1F,0x1F,0x1F,0x0F,
             -0x0F,0x0F,0x0F,0x0F,0x8F,0xC7,0xE3,0xE0,0xF0,0xF8,0xFC,0xFE,0x7E,0x3F,0x1F,0x1F,0x0F,0x07,0x07,0x0F,0x1F,0x1F,0x3F,0x7E,
             -0xFE,0xFC,0xF8,0xF0,0xE0,0xE0,0xC3,0x87,0x07,0x0F,0x0F,0x0F,0x0F,0x0F,0x1F,0x1F,0x1F,0x1F,0x1F,0x1F,0x1F,0x3F,0x3E,0x3E,
             -0x3E,0x3E,0x3E,0x3E,0x7E,0x7C,0x7C,0x7C,0x7C,0x7C,0x7C,0xF8,0xF8,0xF8,0xF8,0xF8,0xF8,0xF8,0xF0,0xF0,0xF0,0xF0,0xF0,0xF0,
             -0xF0,0xE0,0xE0,0xE0,0xE0,0xE0,0xE0,0xC0,0xC0,0x80,0x00},
  19          {0x01,0x03,0x07,0x07,0x07,0x07,0x07,0x07,0x07,0x0F,0x0F,0x0F,0x0F,0x0F,0x0F,0x0F,0x1F,0x1F,0x1F,0x1F,0x1F,
             -0x1F,0x1F,0x3E,0x3E,0x3E,0x3E,0x3E,0x3E,0x7E,0x7C,0x7C,0x7C,0x7C,0x7C,0x7C,0xF8,0xF8,0xF8,0xF8,0xF8,0xF8,0xF8,0xF0,0xF0,
             -0xF0,0xF0,0xF0,0xF0,0xE3,0xE7,0xCF,0x0F,0x1F,0x3F,0x7F,0xFE,0xFC,0xF8,0xF0,0xF0,0xE0,0xC0,0xC0,0xE0,0xF0,0xF0,0xF8,0xFC,
             -0xFE,0x7F,0x3F,0x1F,0x1F,0x0F,0xC7,0xE3,0xE0,0xF0,0xF0,0xF0,0xF0,0xF0,0xF0,0xF8,0xF8,0xF8,0xF8,0xF8,0xF8,0xF8,0x7C,0x7C,
             -0x7C,0x7C,0x7C,0x7C,0x7E,0x3E,0x3E,0x3E,0x3E,0x3E,0x3E,0x1F,0x1F,0x1F,0x1F,0x1F,0x1F,0x1F,0x0F,0x0F,0x0F,0x0F,0x0F,0x0F,
             -0x0F,0x07,0x07,0x07,0x07,0x07,0x07,0x07,0x03,0x01,0x00},
  20          {0x00,0x00,0x00,0x00,0x00,0x00,0x00,0x00,0x00,0x00,0x00,0x00,0x00,0x00,0x00,0x00,0x00,0x00,0x00,0x00,0x00,
             -0x00,0x00,0x00,0x00,0x00,0x00,0x00,0x00,0x00,0x00,0x00,0x00,0x00,0x00,0x00,0x00,0x00,0x00,0x00,0x00,0x00,0x00,0x01,0x01,
             -0x01,0x01,0x01,0x07,0x0F,0x3F,0x7F,0xFF,0xFE,0xF8,0xF0,0xC0,0x80,0x01,0x03,0x07,0x0F,0x0F,0x0F,0x0F,0x07,0x03,0x01,0x00,
             -0x80,0xC0,0xF0,0xF8,0xFE,0xFF,0x7F,0x3F,0x0F,0x07,0x01,0x01,0x01,0x01,0x01,0x00,0x00,0x00,0x00,0x00,0x00,0x00,0x00,0x00,
             -0x00,0x00,0x00,0x00,0x00,0x00,0x00,0x00,0x00,0x00,0x00,0x00,0x00,0x00,0x00,0x00,0x00,0x00,0x00,0x00,0x00,0x00,0x00,0x00,
             -0x00,0x00,0x00,0x00,0x00,0x00,0x00,0x00,0x00,0x00,0x00},
  21          {0x00,0x00,0x00,0x00,0x00,0x00,0x00,0x00,0x00,0x00,0x00,0x00,0x00,0x00,0x00,0x00,0x00,0x00,0x00,0x00,0x00,
             -0x00,0x00,0x00,0x00,0x00,0x00,0x00,0x00,0x00,0x00,0x00,0x00,0x00,0x00,0x00,0x00,0x00,0x00,0x00,0x00,0x00,0x00,0x00,0x00,
             -0x00,0x00,0x00,0x00,0x00,0x00,0x00,0x01,0x03,0x0F,0x1F,0x7F,0xFF,0xFE,0xFC,0xF0,0xE0,0x80,0x00,0x80,0xE0,0xF0,0xFC,0xFE,
             -0xFF,0x7F,0x1F,0x0F,0x03,0x01,0x00,0x00,0x00,0x00,0x00,0x00,0x00,0x00,0x00,0x00,0x00,0x00,0x00,0x00,0x00,0x00,0x00,0x00,
             -0x00,0x00,0x00,0x00,0x00,0x00,0x00,0x00,0x00,0x00,0x00,0x00,0x00,0x00,0x00,0x00,0x00,0x00,0x00,0x00,0x00,0x00,0x00,0x00,
             -0x00,0x00,0x00,0x00,0x00,0x00,0x00,0x00,0x00,0x00,0x00},
  22          {0x00,0x00,0x00,0x00,0x00,0x00,0x00,0x00,0x00,0x00,0x00,0x00,0x00,0x00,0x00,0x00,0x00,0x00,0x00,0x00,0x00,
             -0x00,0x00,0x00,0x00,0x00,0x00,0x00,0x00,0x00,0x00,0x00,0x00,0x00,0x00,0x00,0x00,0x00,0x00,0x00,0x00,0x00,0x00,0x00,0x00,
             -0x00,0x00,0x00,0x00,0x00,0x00,0x00,0x00,0x00,0x00,0x00,0x00,0x00,0x03,0x07,0x1F,0x3F,0x7F,0x7F,0x7F,0x3F,0x1F,0x07,0x03,
             -0x00,0x00,0x00,0x00,0x00,0x00,0x00,0x00,0x00,0x00,0x00,0x00,0x00,0x00,0x00,0x00,0x00,0x00,0x00,0x00,0x00,0x00,0x00,0x00,
             -0x00,0x00,0x00,0x00,0x00,0x00,0x00,0x00,0x00,0x00,0x00,0x00,0x00,0x00,0x00,0x00,0x00,0x00,0x00,0x00,0x00,0x00,0x00,0x00,
             -0x00,0x00,0x00,0x00,0x00,0x00,0x00,0x00,0x00,0x00,0x00},/*"C:\Users\admin\Desktop\test.bmp",0*/
  23          /* (128 X 64 )ËÄ½Ç*/
  24          };
  25          
  26          


MODULE INFORMATION:   STATIC OVERLAYABLE
   CODE SIZE        =   ----    ----
   CONSTANT SIZE    =   1024    ----
   XDATA SIZE       =   ----    ----
   PDATA SIZE       =   ----    ----
   DATA SIZE        =   ----    ----
   IDATA SIZE       =   ----    ----
   BIT SIZE         =   ----    ----
C51 COMPILER V9.54   ASCII                                                                 04/13/2022 19:06:00 PAGE 3   

END OF MODULE INFORMATION.


C51 COMPILATION COMPLETE.  0 WARNING(S),  0 ERROR(S)
