C51 COMPILER V9.54   HC595_DRIVE                                                           03/21/2020 14:05:02 PAGE 1   


C51 COMPILER V9.54, COMPILATION OF MODULE HC595_DRIVE
OBJECT MODULE PLACED IN .\Objects\HC595_Drive.obj
COMPILER INVOKED BY: D:\Program Files (x86)\keil5\C51\BIN\C51.EXE c_and h_\HC595_Drive.c LARGE OPTIMIZE(8,SPEED) BROWSE 
                    -INCDIR(.\c_and h_) DEBUG OBJECTEXTEND PRINT(.\Listings\HC595_Drive.lst) OBJECT(.\Objects\HC595_Drive.obj)

line level    source

   1          #include "all.h"
   2          u8  HC595_Write_Buffer[2];//595»º´æÊý×é
   3          
   4          void HC595_Init()
   5          {
   6   1               DS=0; 
   7   1               SH=0;
   8   1               ST=0;
   9   1      }
  10          void HC595_Write_Data_Drive()
  11          {
  12   1              u8 i;
  13   1              for(i=0;i<8;i++)
  14   1              {
  15   2                      SH=0;
  16   2                      DS=HC595_Write_Buffer[1]&0x80;
  17   2                      SH=1;
  18   2                      HC595_Write_Buffer[1]<<=1;
  19   2              }
  20   1              for(i=0;i<8;i++)
  21   1              {
  22   2                      SH=0;
  23   2                      DS=HC595_Write_Buffer[0]&0x80;
  24   2                      SH=1;
  25   2                      HC595_Write_Buffer[0]<<=1;
  26   2              }
  27   1              ST=1;
  28   1              DS=0;
  29   1              SH=0;
  30   1              ST=0;
  31   1      }


MODULE INFORMATION:   STATIC OVERLAYABLE
   CODE SIZE        =     62    ----
   CONSTANT SIZE    =   ----    ----
   XDATA SIZE       =      2    ----
   PDATA SIZE       =   ----    ----
   DATA SIZE        =   ----    ----
   IDATA SIZE       =   ----    ----
   BIT SIZE         =   ----    ----
END OF MODULE INFORMATION.


C51 COMPILATION COMPLETE.  0 WARNING(S),  0 ERROR(S)
