C51 COMPILER V9.54   IIC_DRIVE                                                             04/13/2022 19:05:59 PAGE 1   


C51 COMPILER V9.54, COMPILATION OF MODULE IIC_DRIVE
OBJECT MODULE PLACED IN .\Objects\IIC_Drive.obj
COMPILER INVOKED BY: D:\Program Files (x86)\keil5\C51\BIN\C51.EXE c_and h_\IIC_Drive.c LARGE OPTIMIZE(8,SPEED) BROWSE IN
                    -CDIR(.\c_and h_) DEBUG OBJECTEXTEND PRINT(.\Listings\IIC_Drive.lst) OBJECT(.\Objects\IIC_Drive.obj)

line level    source

   1          #include "all.h"
   2          void IIC_Init()
   3          {
   4   1              IIC_SCL=1;
   5   1              IIC_SDA=1;
   6   1      }
   7          void IIC_Delay()
   8          {
   9   1              _nop_();_nop_();_nop_();_nop_();_nop_();_nop_();
  10   1              _nop_();_nop_();_nop_();_nop_();_nop_();_nop_();
  11   1      }
  12          void IIC_Start()//
  13          {
  14   1              IIC_SCL=1;
  15   1              IIC_SDA=1;
  16   1              IIC_Delay();
  17   1              IIC_SDA=0;
  18   1      //      IIC_SCL=0;
  19   1              IIC_Delay();
  20   1      }
  21          void IIC_Stop()//
  22          {       
  23   1              IIC_SDA=0;
  24   1              IIC_SCL=1;
  25   1              IIC_Delay();
  26   1              IIC_SDA=1;
  27   1              IIC_Delay();
  28   1      }
  29          void IIC_Write_Byte(u8 IIC_Byte)  //写字节
  30          {
  31   1              u8 idata i;
  32   1              IIC_SCL=0;
  33   1              IIC_SDA=1;
  34   1              for(i=0;i<8;i++)
  35   1              {
  36   2                      IIC_SDA=(bit)(IIC_Byte&0x80);  //取最高位
  37   2                      IIC_Byte<<=1;
  38   2                      IIC_SCL=1;
  39   2                      IIC_Delay();
  40   2                      IIC_SCL=0;
  41   2                      IIC_Delay();
  42   2              }
  43   1               IIC_SDA=1;
  44   1      }
  45          u8 IIC_Read_Byte()   //读字节
  46          {
  47   1              u8 idata i,value;
  48   1              for(i=0;i<8;i++)
  49   1              {
  50   2                      value<<=1;
  51   2                      value|=IIC_SDA;
  52   2                      IIC_SCL=1;
  53   2                      IIC_Delay();
  54   2                      IIC_SCL=0;
C51 COMPILER V9.54   IIC_DRIVE                                                             04/13/2022 19:05:59 PAGE 2   

  55   2                      IIC_Delay();
  56   2              }
  57   1      //      IIC_SDA=1;
  58   1              return value;
  59   1      }
  60          
  61          u8 IIC_Read_Ack()//  检测来自从机的应答
  62          {
  63   1              u8 idata i,ack=1;
  64   1              IIC_SCL=1;
  65   1              IIC_Delay();
  66   1              while((ack)&&(i<5))
  67   1              {
  68   2                      i++;
  69   2                      ack=IIC_SDA;
  70   2              }
  71   1              IIC_SCL=0;
  72   1              return ack;
  73   1      }
  74          void IIC_Write_Ack(bit ack)  //mcu发送应答
  75          {
  76   1              IIC_SDA=ack;
  77   1              IIC_SCL=1;
  78   1              IIC_Delay();
  79   1              IIC_SCL=0;
  80   1              IIC_SDA=1;
  81   1              IIC_Delay();
  82   1      }


MODULE INFORMATION:   STATIC OVERLAYABLE
   CODE SIZE        =    163    ----
   CONSTANT SIZE    =   ----    ----
   XDATA SIZE       =   ----    ----
   PDATA SIZE       =   ----    ----
   DATA SIZE        =   ----    ----
   IDATA SIZE       =   ----       5
   BIT SIZE         =   ----       1
END OF MODULE INFORMATION.


C51 COMPILATION COMPLETE.  0 WARNING(S),  0 ERROR(S)
