C51 COMPILER V9.54   MAIN                                                                  04/13/2022 19:05:59 PAGE 1   


C51 COMPILER V9.54, COMPILATION OF MODULE MAIN
OBJECT MODULE PLACED IN .\Objects\main.obj
COMPILER INVOKED BY: D:\Program Files (x86)\keil5\C51\BIN\C51.EXE c_and h_\main.c LARGE OPTIMIZE(8,SPEED) BROWSE INCDIR(
                    -.\c_and h_) DEBUG OBJECTEXTEND PRINT(.\Listings\main.lst) OBJECT(.\Objects\main.obj)

line level    source

   1          #include "all.h"
   2          
   3          
   4          
   5          void main()
   6          {
   7   1              P0M0=0;//配置为标准IO口
   8   1              P0M1=0;
   9   1              P1M0=0;//配置为标准IO口
  10   1              P1M1=0;
  11   1              P2M0=0;//配置为标准IO口
  12   1              P2M1=0;
  13   1              P3M0=0;//配置为标准IO口
  14   1              P3M1=0;
  15   1              P4M0=0;//配置为标准IO口 
  16   1              P4M1=0;
  17   1              P5M0=0;//配置为标准IO口
  18   1              P5M1=0;
  19   1              EA=1;
  20   1              
  21   1              IIC_Init();
  22   1      //      Oled_Init();
  23   1              OLED_Init();
  24   1              while(1)
  25   1              {               
  26   2      //              Oled_display();
  27   2                      OLED_Newpic_Show_Ser() ;
  28   2              }
  29   1      }
  30          


MODULE INFORMATION:   STATIC OVERLAYABLE
   CODE SIZE        =     38    ----
   CONSTANT SIZE    =   ----    ----
   XDATA SIZE       =   ----    ----
   PDATA SIZE       =   ----    ----
   DATA SIZE        =   ----    ----
   IDATA SIZE       =   ----    ----
   BIT SIZE         =   ----    ----
END OF MODULE INFORMATION.


C51 COMPILATION COMPLETE.  0 WARNING(S),  0 ERROR(S)
