C51 COMPILER V9.54   OLED12864PIC_NEW                                                      04/13/2022 11:37:16 PAGE 1   


C51 COMPILER V9.54, COMPILATION OF MODULE OLED12864PIC_NEW
OBJECT MODULE PLACED IN .\Objects\OLED12864pic_new.obj
COMPILER INVOKED BY: D:\Program Files (x86)\keil5\C51\BIN\C51.EXE c_and h_\OLED12864pic_new.c LARGE OPTIMIZE(8,SPEED) BR
                    -OWSE INCDIR(.\c_and h_) DEBUG OBJECTEXTEND PRINT(.\Listings\OLED12864pic_new.lst) OBJECT(.\Objects\OLED12864pic_new.obj)

line level    source

   1          #include "all.h"
   2          u8 xdata Oled_Xram_Write[1024]={
   3          0x00,0x00,0x00,0x00,0x00,0x00,0x00,0x00,0x00,0x00,0x00,0x00,0x00,0x00,0x00,0x01,
   4          0x01,0x01,0x01,0x01,0x01,0x00,0x00,0x80,0x00,0x60,0xE0,0xE0,0xE0,0xE0,0xE0,0xE0,
   5          0xE0,0xF0,0xF0,0xF0,0xF0,0xF0,0xF0,0xF0,0xF0,0xF0,0xF0,0xF0,0xF0,0xF0,0xF0,0xF8,
   6          0xF8,0xF8,0xF8,0xF8,0xF8,0xF8,0xF8,0xF8,0xF8,0xF8,0xF8,0xF8,0xFC,0xFC,0xFC,0xFC,
   7          0xFC,0xFC,0xFC,0xFC,0xFC,0xFC,0xFC,0xFC,0xFC,0xFE,0xFE,0xFE,0xFE,0xFE,0xFE,0xFE,
   8          0xFE,0xFE,0xFE,0xFE,0xFE,0xFF,0xFF,0xFF,0xFF,0xFF,0xFF,0xFF,0xFF,0xFF,0xFF,0xFF,
   9          0xFF,0xFF,0xFF,0xFF,0xFF,0xFF,0xFF,0xFF,0x7F,0x3F,0x8F,0x07,0x01,0x00,0x00,0x00,
  10          0x00,0x00,0x00,0x00,0x00,0x00,0x00,0x00,0x00,0x00,0x00,0x00,0x00,0x00,0x00,0x00,
  11          0x00,0x00,0x00,0x00,0x00,0x00,0x00,0x00,0x00,0x00,0x00,0x00,0x00,0x00,0x00,0x00,
  12          0x00,0x00,0x00,0x00,0x00,0x00,0x00,0x00,0x1F,0xFE,0xFC,0xE0,0x01,0x03,0x03,0xE3,
  13          0x87,0x07,0x07,0x07,0x27,0x67,0xEF,0xE7,0xF7,0xF7,0xF7,0xF7,0xFF,0xFF,0xFF,0xFF,
  14          0xFF,0xFF,0xFF,0xFF,0xFF,0xFF,0xFF,0xFF,0xFF,0xFF,0xFF,0xFF,0xFF,0xFF,0xFF,0xFF,
  15          0xFF,0xFF,0xFF,0xFF,0xFF,0xFF,0xFF,0xFF,0xFF,0xFF,0xFF,0xFF,0xFF,0xFF,0xFF,0x7F,
  16          0xFF,0xFF,0xFF,0xFF,0xFF,0xFF,0xF7,0xF7,0xF7,0xF7,0xE7,0xEF,0xE7,0x27,0x07,0x07,
  17          0x07,0x87,0xE3,0x03,0x03,0x01,0xE0,0xF8,0xFE,0x1F,0x00,0x00,0x00,0x00,0x00,0x00,
  18          0x00,0x00,0x00,0x00,0x00,0x00,0x00,0x00,0x00,0x00,0x00,0x00,0x00,0x00,0x00,0x00,
  19          0x00,0x00,0x00,0x00,0x00,0x00,0x00,0x00,0x00,0x00,0x00,0x00,0x00,0x00,0x00,0x00,
  20          0x00,0x00,0x00,0x00,0x00,0x00,0x00,0x00,0x00,0x01,0x07,0x3F,0xFF,0xFC,0xF0,0xC1,
  21          0x07,0x3E,0xF8,0xF0,0xE0,0x80,0x01,0x03,0x07,0x0F,0x1F,0x3F,0x3F,0x7F,0x7F,0xFF,
  22          0xFF,0xFF,0xFF,0xFC,0xFD,0xFD,0x7D,0x7D,0x39,0x10,0x00,0x01,0x03,0x07,0x07,0x07,
  23          0x0F,0x0F,0x07,0x07,0x07,0x03,0x01,0x00,0x10,0x39,0x7D,0x7D,0xFD,0xFD,0xFC,0xFF,
  24          0xFF,0xFF,0xFF,0x7F,0x7F,0x3F,0x3F,0x1F,0x0F,0x07,0x03,0x01,0x80,0xC0,0xF0,0xF8,
  25          0x3E,0x0F,0xC1,0xE0,0xFC,0xFF,0x3F,0x0F,0x01,0x00,0x00,0x00,0x00,0x00,0x00,0x00,
  26          0x00,0x00,0x00,0x00,0x00,0x00,0x00,0x00,0x00,0x00,0x00,0x00,0x00,0x00,0x00,0x00,
  27          0x00,0x00,0x00,0x00,0x00,0x00,0x00,0x00,0x00,0x00,0x00,0x00,0x00,0x00,0x00,0x00,
  28          0x00,0x00,0x00,0x00,0x00,0x00,0x00,0x00,0x00,0x00,0x00,0x00,0x00,0x03,0x0F,0x3F,
  29          0x7F,0xFC,0xF0,0xC3,0x8F,0x1F,0x7F,0xFE,0xFC,0xF8,0xF0,0xF0,0xF0,0xE0,0xE0,0xE0,
  30          0xE0,0xC0,0xC0,0xC0,0xC0,0xC0,0xC0,0xC0,0xC0,0xC0,0xC0,0xC0,0xE0,0xE0,0xF0,0xF8,
  31          0xFE,0xFE,0xFC,0xF8,0xE0,0xE0,0xC0,0xC0,0xC0,0xC0,0xC0,0xC0,0xC0,0xC0,0xC0,0xC0,
  32          0xC0,0xE0,0xE0,0xE0,0xE0,0xF0,0xF0,0xF0,0xF8,0xFC,0xFE,0xFF,0x3F,0x8F,0xC3,0xF0,
  33          0xFC,0xFE,0x3F,0x0F,0x03,0x00,0x00,0x00,0x00,0x00,0x00,0x00,0x00,0x00,0x00,0x00,
  34          0x00,0x00,0x00,0x00,0x00,0x00,0x00,0x00,0x00,0x00,0x00,0x00,0x00,0x00,0x00,0x00,
  35          0x00,0x00,0x00,0x00,0x00,0x00,0x00,0x00,0x00,0x00,0x00,0x00,0x00,0x00,0x00,0x00,
  36          0x00,0x00,0x00,0x00,0x00,0x00,0x00,0x00,0x00,0x00,0x00,0x00,0x00,0x00,0x00,0x00,
  37          0x00,0x01,0x03,0x0F,0x1F,0x7F,0xFC,0xF9,0xF7,0xEF,0xFF,0xFF,0xFF,0xFF,0xFF,0xFF,
  38          0xFF,0xFF,0xFF,0xFF,0xFF,0xFF,0xFF,0xFF,0xFF,0xFF,0xFF,0xFF,0xFF,0xFF,0xFF,0xFF,
  39          0xFF,0xFF,0xFF,0xFF,0xFF,0xFF,0xFF,0xFF,0xFF,0xFF,0xFF,0xFF,0xFF,0xFF,0xFF,0xFF,
  40          0xFF,0xFF,0xFF,0xFF,0xFF,0xFF,0xFF,0xFF,0xEF,0xF7,0xF9,0xFC,0x7E,0x3F,0x0F,0x07,
  41          0x01,0x00,0x00,0x00,0x00,0x00,0x00,0x00,0x00,0x00,0x00,0x00,0x00,0x00,0x00,0x00,
  42          0x00,0x00,0x00,0x00,0x00,0x00,0x00,0x00,0x00,0x00,0x00,0x00,0x00,0x00,0x00,0x00,
  43          0x00,0x00,0x00,0x00,0x00,0x00,0x00,0x00,0x00,0x00,0x00,0x00,0x00,0x00,0x00,0x00,
  44          0x00,0x00,0x00,0x00,0x00,0x00,0x00,0x00,0x00,0x00,0x00,0x00,0x00,0x00,0x00,0x00,
  45          0x00,0x00,0x00,0x00,0x00,0x00,0x00,0x03,0x07,0x0F,0x3F,0x7F,0xFF,0xFF,0xFF,0xFF,
  46          0xFF,0xFF,0xFF,0xFF,0xFF,0xFF,0xFF,0xFF,0xFF,0xFF,0xFF,0xFF,0x3C,0x00,0x00,0x00,
  47          0x00,0x00,0x00,0x00,0x00,0x3C,0xFF,0xFF,0xFF,0xFF,0xFF,0xFF,0xFF,0xFF,0xFF,0xFF,
  48          0xFF,0xFF,0xFF,0xFF,0xFF,0xFF,0x7F,0x3F,0x0F,0x07,0x03,0x00,0x00,0x00,0x00,0x00,
  49          0x00,0x00,0x00,0x00,0x00,0x00,0x00,0x00,0x00,0x00,0x00,0x00,0x00,0x00,0x00,0x00,
  50          0x00,0x00,0x00,0x00,0x00,0x00,0x00,0x00,0x00,0x00,0x00,0x00,0x00,0x00,0x00,0x00,
  51          0x00,0x00,0x00,0x00,0x00,0x00,0x00,0x00,0x00,0x00,0x00,0x00,0x00,0x00,0x00,0x00,
  52          0x00,0x00,0x00,0x00,0x00,0x00,0x00,0x00,0x00,0x00,0x00,0x00,0x00,0x00,0x00,0x00,
  53          0x00,0x00,0x00,0x00,0x00,0x00,0x00,0x00,0x00,0x00,0x00,0x00,0x00,0x03,0x07,0x0F,
  54          0x1F,0x3F,0xFF,0xFF,0xFF,0xFF,0xFF,0xFF,0xFF,0xFF,0xFF,0xF9,0x00,0x00,0x00,0x00,
C51 COMPILER V9.54   OLED12864PIC_NEW                                                      04/13/2022 11:37:16 PAGE 2   

  55          0x00,0x00,0x00,0x00,0x00,0x00,0xF1,0xFF,0xFF,0xFF,0xFF,0xFF,0xFF,0xFF,0xFF,0xFF,
  56          0x7F,0x1F,0x0F,0x07,0x03,0x00,0x00,0x00,0x00,0x00,0x00,0x00,0x00,0x00,0x00,0x00,
  57          0x00,0x00,0x00,0x00,0x00,0x00,0x00,0x00,0x00,0x00,0x00,0x00,0x00,0x00,0x00,0x00,
  58          0x00,0x00,0x00,0x00,0x00,0x00,0x00,0x00,0x00,0x00,0x00,0x00,0x00,0x00,0x00,0x00,
  59          0x00,0x00,0x00,0x00,0x00,0x00,0x00,0x00,0x00,0x00,0x00,0x00,0x00,0x00,0x00,0x00,
  60          0x00,0x00,0x00,0x00,0x00,0x00,0x00,0x00,0x00,0x00,0x00,0x00,0x00,0x00,0x00,0x00,
  61          0x00,0x00,0x00,0x00,0x00,0x00,0x00,0x00,0x00,0x00,0x00,0x00,0x00,0x00,0x00,0x00,
  62          0x00,0x00,0x00,0x01,0x03,0x07,0x0F,0x1F,0x3F,0x7F,0x7F,0xFF,0xFF,0x70,0x00,0x00,
  63          0x00,0x00,0x00,0x00,0x60,0xFE,0xFF,0x7F,0x7F,0x3F,0x1F,0x0F,0x07,0x03,0x01,0x00,
  64          0x00,0x00,0x00,0x00,0x00,0x00,0x00,0x00,0x00,0x00,0x00,0x00,0x00,0x00,0x00,0x00,
  65          0x00,0x00,0x00,0x00,0x00,0x00,0x00,0x00,0x00,0x00,0x00,0x00,0x00,0x00,0x00,0x00,
  66          0x00,0x00,0x00,0x00,0x00,0x00,0x00,0x00,0x00,0x00,0x00,0x00,0x00,0x00,0x00,0x00,
  67          };
  68          
  69          
  70          
  71          void Oled_Write_reg(u8 Oled_command)
  72          {
  73   1              IIC_Start();
  74   1              IIC_Write_Byte(0x78);//硬件地址 写入模式
  75   1              IIC_Read_Ack();// 接受应答
  76   1              IIC_Write_Byte(Oled_command);//指令
  77   1              IIC_Read_Ack();// 接受应答
  78   1              IIC_Stop();
  79   1              return;
  80   1      }
  81          void Oled_Write_data()
  82          {
  83   1              u8 i;
  84   1              IIC_Start();
  85   1              IIC_Write_Byte(0x78);//硬件地址 写入模式
  86   1              IIC_Read_Ack();// 接受应答
  87   1              for(i=0;i<1024;i++)
  88   1              {
  89   2                      IIC_Write_Byte(Oled_Xram_Write[i]);
  90   2                      
  91   2                      IIC_Read_Ack();// 接受应答
  92   2              }
  93   1              
  94   1              IIC_Stop();
  95   1              return;
  96   1      }
  97          void Oled_Init()
  98          {
  99   1              Oled_Write_reg(0x81);
 100   1              Oled_Write_reg(0xff);//双指令 亮度
 101   1              
 102   1              Oled_Write_reg(0xa4);//显示图像
 103   1              Oled_Write_reg(0xa6);// 黑底白字
 104   1              Oled_Write_reg(0xaf);//开启显示
 105   1              Oled_Write_reg(0x40);//从RAM的第0行开始映射到对应的玻璃COMO端口
 106   1              Oled_Write_reg(0xa0);//不进行左右镜面
 107   1              Oled_Write_reg(0xc0);//不进行上下镜面
 108   1              
 109   1              Oled_Write_reg(0xa8);
 110   1              Oled_Write_reg(0x3f);//设置复用率
 111   1              
 112   1              Oled_Write_reg(0xd3);
 113   1              Oled_Write_reg(0x00);//双指令 不偏移
 114   1              
 115   1              Oled_Write_reg(0xd5);
 116   1              Oled_Write_reg(0x00);//双指令 刷新速度
C51 COMPILER V9.54   OLED12864PIC_NEW                                                      04/13/2022 11:37:16 PAGE 3   

 117   1              
 118   1              Oled_Write_reg(0xd9);
 119   1              Oled_Write_reg(0x22);//双指令 刷新速度
 120   1              
 121   1              Oled_Write_reg(0xdb);
 122   1              Oled_Write_reg(0x20);//双指令 刷新速度
 123   1              
 124   1              Oled_Write_reg(0x8d);
 125   1              Oled_Write_reg(0x14);//双指令 刷新速度
 126   1              
 127   1              Oled_Write_reg(0x20);
 128   1              Oled_Write_reg(0x00);//水平寻址
 129   1              
 130   1              Oled_Write_reg(0x21);
 131   1              Oled_Write_reg(0x00);//开始列
 132   1              Oled_Write_reg(0x7f);//结束列
 133   1              
 134   1              Oled_Write_reg(0x22);
 135   1              Oled_Write_reg(0x00);//开始页
 136   1              Oled_Write_reg(0x07);//结束页
 137   1      }
 138          void Oled_display()
 139          {
 140   1              Oled_Write_data();
 141   1              return;
 142   1      }


MODULE INFORMATION:   STATIC OVERLAYABLE
   CODE SIZE        =    233    ----
   CONSTANT SIZE    =   ----    ----
   XDATA SIZE       =   1024       2
   PDATA SIZE       =   ----    ----
   DATA SIZE        =   ----    ----
   IDATA SIZE       =   ----    ----
   BIT SIZE         =   ----    ----
END OF MODULE INFORMATION.


C51 COMPILATION COMPLETE.  0 WARNING(S),  0 ERROR(S)
